# project  configured on Sun Nov 15 11:29:44 2015 by
# waf 1.7.11 (abi 98, python 2070af0 on darwin)
# using /usr/local/Cellar/pebble-sdk/3.2/Pebble/waf configure
#
----------------------------------------
Setting top to
/Users/Daniel-Vogelnest/Projects/Flux
----------------------------------------
Setting out to
/Users/Daniel-Vogelnest/Projects/Flux/build
----------------------------------------
Found Pebble SDK for basalt in:
/usr/local/Cellar/pebble-sdk/3.2/Pebble/basalt
----------------------------------------
Checking for program gcc,cc
arm-none-eabi-gcc
find program=['gcc', 'cc'] paths='' var='CC' -> 'arm-none-eabi-gcc'
----------------------------------------
Checking for program ar
arm-none-eabi-ar
find program=['ar'] paths='' var='AR' -> 'arm-none-eabi-ar'
